生成启动时间为 2017/9/1 18:08:40。
     1>项目“C:\Users\KIM\Desktop\c++\c++文件\小学期_yizan\小学期_yizan\学生基本信息管理\学生基本信息管理\学生基本信息管理.vcxproj”在节点 2 上(build 个目标)。
     1>InitializeBuildStatus:
         正在创建“Debug\学生基本信息管理.unsuccessfulbuild”，因为已指定“AlwaysCreate”。
       ClCompile:
         c:\Program Files (x86)\Microsoft Visual Studio 10.0\VC\bin\CL.exe /c /ZI /nologo /W3 /WX- /Od /Oy- /D WIN32 /D _DEBUG /D _CONSOLE /D _UNICODE /D UNICODE /Gm /EHsc /RTC1 /MDd /GS /fp:precise /Zc:wchar_t /Zc:forScope /Fo"Debug\\" /Fd"Debug\vc100.pdb" /Gd /TP /analyze- /errorReport:prompt CaoZuo.cpp main.cpp Student.cpp "相关.cpp"
         相关.cpp
         Student.cpp
         main.cpp
         CaoZuo.cpp
         正在生成代码...
       ManifestResourceCompile:
         C:\Program Files (x86)\Microsoft SDKs\Windows\v7.0A\bin\rc.exe /nologo /fo"Debug\学生基本信息管理.exe.embed.manifest.res" "Debug\学生基本信息管理_manifest.rc" 
       Link:
         c:\Program Files (x86)\Microsoft Visual Studio 10.0\VC\bin\link.exe /ERRORREPORT:PROMPT /OUT:"C:\Users\KIM\Desktop\c++\c++文件\小学期_yizan\小学期_yizan\学生基本信息管理\Debug\学生基本信息管理.exe" /INCREMENTAL /NOLOGO kernel32.lib user32.lib gdi32.lib winspool.lib comdlg32.lib advapi32.lib shell32.lib ole32.lib oleaut32.lib uuid.lib odbc32.lib odbccp32.lib /MANIFEST /ManifestFile:"Debug\学生基本信息管理.exe.intermediate.manifest" /MANIFESTUAC:"level='asInvoker' uiAccess='false'" /DEBUG /PDB:"C:\Users\KIM\Desktop\c++\c++文件\小学期_yizan\小学期_yizan\学生基本信息管理\Debug\学生基本信息管理.pdb" /SUBSYSTEM:CONSOLE /TLBID:1 /DYNAMICBASE /NXCOMPAT /IMPLIB:"C:\Users\KIM\Desktop\c++\c++文件\小学期_yizan\小学期_yizan\学生基本信息管理\Debug\学生基本信息管理.lib" /MACHINE:X86 "Debug\学生基本信息管理.exe.embed.manifest.res"
         Debug\CaoZuo.obj
         Debug\main.obj
         Debug\Student.obj
         "Debug\相关.obj"
       Manifest:
         正在删除文件“Debug\学生基本信息管理.exe.embed.manifest”。
         C:\Program Files (x86)\Microsoft SDKs\Windows\v7.0A\bin\mt.exe /nologo /verbose /out:"Debug\学生基本信息管理.exe.embed.manifest" /manifest "Debug\学生基本信息管理.exe.intermediate.manifest"
         C:\Program Files (x86)\Microsoft SDKs\Windows\v7.0A\bin\rc.exe /nologo /fo"Debug\学生基本信息管理.exe.embed.manifest.res" "Debug\学生基本信息管理_manifest.rc" 
       LinkEmbedManifest:
         c:\Program Files (x86)\Microsoft Visual Studio 10.0\VC\bin\link.exe /ERRORREPORT:PROMPT /OUT:"C:\Users\KIM\Desktop\c++\c++文件\小学期_yizan\小学期_yizan\学生基本信息管理\Debug\学生基本信息管理.exe" /INCREMENTAL /NOLOGO kernel32.lib user32.lib gdi32.lib winspool.lib comdlg32.lib advapi32.lib shell32.lib ole32.lib oleaut32.lib uuid.lib odbc32.lib odbccp32.lib /MANIFEST /ManifestFile:"Debug\学生基本信息管理.exe.intermediate.manifest" /MANIFESTUAC:"level='asInvoker' uiAccess='false'" /DEBUG /PDB:"C:\Users\KIM\Desktop\c++\c++文件\小学期_yizan\小学期_yizan\学生基本信息管理\Debug\学生基本信息管理.pdb" /SUBSYSTEM:CONSOLE /TLBID:1 /DYNAMICBASE /NXCOMPAT /IMPLIB:"C:\Users\KIM\Desktop\c++\c++文件\小学期_yizan\小学期_yizan\学生基本信息管理\Debug\学生基本信息管理.lib" /MACHINE:X86 "Debug\学生基本信息管理.exe.embed.manifest.res"
         Debug\CaoZuo.obj
         Debug\main.obj
         Debug\Student.obj
         "Debug\相关.obj"
         学生基本信息管理.vcxproj -> C:\Users\KIM\Desktop\c++\c++文件\小学期_yizan\小学期_yizan\学生基本信息管理\Debug\学生基本信息管理.exe
       FinalizeBuildStatus:
         正在删除文件“Debug\学生基本信息管理.unsuccessfulbuild”。
         正在对“Debug\学生基本信息管理.lastbuildstate”执行 Touch 任务。
     1>已完成生成项目“C:\Users\KIM\Desktop\c++\c++文件\小学期_yizan\小学期_yizan\学生基本信息管理\学生基本信息管理\学生基本信息管理.vcxproj”(build 个目标)的操作。

生成成功。

已用时间 00:00:08.70
